0 info it worked if it ends with ok
1 verbose cli [ 'node', '/usr/local/bin/npm', 'install', 'http-server', '-g' ]
2 info using npm@3.3.9
3 info using node@v0.12.2
4 silly loadCurrentTree Starting
5 silly install loadCurrentTree
6 silly install readGlobalPackageData
7 silly fetchPackageMetaData http-server
8 silly fetchNamedPackageData http-server
9 silly mapToRegistry name http-server
10 silly mapToRegistry using default registry
11 silly mapToRegistry registry https://registry.npmjs.org/
12 silly mapToRegistry uri https://registry.npmjs.org/http-server
13 verbose get https://registry.npmjs.org/http-server not expired, no request
14 silly install normalizeTree
15 silly loadCurrentTree Finishing
16 silly loadIdealTree Starting
17 silly install loadIdealTree
18 silly cloneCurrentTree Starting
19 silly install cloneCurrentTreeToIdealTree
20 silly cloneCurrentTree Finishing
21 silly loadShrinkwrap Starting
22 silly install loadShrinkwrap
23 silly loadShrinkwrap Finishing
24 silly loadAllDepsIntoIdealTree Starting
25 silly install loadAllDepsIntoIdealTree
26 silly resolveWithNewModule http-server@0.9.0 checking installable status
27 silly cache add args [ 'http-server', null ]
28 verbose cache add spec http-server
29 silly cache add parsed spec { raw: 'http-server',
29 silly cache add   scope: null,
29 silly cache add   name: 'http-server',
29 silly cache add   rawSpec: '',
29 silly cache add   spec: '*',
29 silly cache add   type: 'range' }
30 silly addNamed http-server@*
31 verbose addNamed "*" is a valid semver range for http-server
32 silly addNameRange { name: 'http-server', range: '*', hasData: false }
33 silly mapToRegistry name http-server
34 silly mapToRegistry using default registry
35 silly mapToRegistry registry https://registry.npmjs.org/
36 silly mapToRegistry uri https://registry.npmjs.org/http-server
37 verbose addNameRange registry:https://registry.npmjs.org/http-server not in flight; fetching
38 verbose get https://registry.npmjs.org/http-server not expired, no request
39 silly addNameRange number 2 { name: 'http-server', range: '*', hasData: true }
40 silly addNameRange versions [ 'http-server',
40 silly addNameRange   [ '0.1.0',
40 silly addNameRange     '0.1.1',
40 silly addNameRange     '0.1.3',
40 silly addNameRange     '0.2.1',
40 silly addNameRange     '0.2.2',
40 silly addNameRange     '0.2.3',
40 silly addNameRange     '0.2.4',
40 silly addNameRange     '0.2.5',
40 silly addNameRange     '0.2.6',
40 silly addNameRange     '0.2.9',
40 silly addNameRange     '0.3.0',
40 silly addNameRange     '0.4.0',
40 silly addNameRange     '0.4.1',
40 silly addNameRange     '0.5.0',
40 silly addNameRange     '0.5.1',
40 silly addNameRange     '0.5.2',
40 silly addNameRange     '0.5.3',
40 silly addNameRange     '0.5.5',
40 silly addNameRange     '0.6.0',
40 silly addNameRange     '0.6.1',
40 silly addNameRange     '0.7.0',
40 silly addNameRange     '0.7.1',
40 silly addNameRange     '0.7.2',
40 silly addNameRange     '0.7.3',
40 silly addNameRange     '0.7.4',
40 silly addNameRange     '0.7.5',
40 silly addNameRange     '0.8.0',
40 silly addNameRange     '0.8.1',
40 silly addNameRange     '0.8.2',
40 silly addNameRange     '0.8.3',
40 silly addNameRange     '0.8.4',
40 silly addNameRange     '0.8.5',
40 silly addNameRange     '0.9.0' ] ]
41 silly addNamed http-server@0.9.0
42 verbose addNamed "0.9.0" is a plain semver version for http-server
43 silly cache afterAdd http-server@0.9.0
44 verbose afterAdd /Users/thomasfetiveau/.npm/http-server/0.9.0/package/package.json not in flight; writing
45 verbose afterAdd /Users/thomasfetiveau/.npm/http-server/0.9.0/package/package.json written
46 silly fetchNamedPackageData colors
47 silly mapToRegistry name colors
48 silly mapToRegistry using default registry
49 silly mapToRegistry registry https://registry.npmjs.org/
50 silly mapToRegistry uri https://registry.npmjs.org/colors
51 silly fetchNamedPackageData corser
52 silly mapToRegistry name corser
53 silly mapToRegistry using default registry
54 silly mapToRegistry registry https://registry.npmjs.org/
55 silly mapToRegistry uri https://registry.npmjs.org/corser
56 silly fetchNamedPackageData ecstatic
57 silly mapToRegistry name ecstatic
58 silly mapToRegistry using default registry
59 silly mapToRegistry registry https://registry.npmjs.org/
60 silly mapToRegistry uri https://registry.npmjs.org/ecstatic
61 silly fetchNamedPackageData http-proxy
62 silly mapToRegistry name http-proxy
63 silly mapToRegistry using default registry
64 silly mapToRegistry registry https://registry.npmjs.org/
65 silly mapToRegistry uri https://registry.npmjs.org/http-proxy
66 silly fetchNamedPackageData opener
67 silly mapToRegistry name opener
68 silly mapToRegistry using default registry
69 silly mapToRegistry registry https://registry.npmjs.org/
70 silly mapToRegistry uri https://registry.npmjs.org/opener
71 silly fetchNamedPackageData optimist
72 silly mapToRegistry name optimist
73 silly mapToRegistry using default registry
74 silly mapToRegistry registry https://registry.npmjs.org/
75 silly mapToRegistry uri https://registry.npmjs.org/optimist
76 silly fetchNamedPackageData portfinder
77 silly mapToRegistry name portfinder
78 silly mapToRegistry using default registry
79 silly mapToRegistry registry https://registry.npmjs.org/
80 silly mapToRegistry uri https://registry.npmjs.org/portfinder
81 silly fetchNamedPackageData union
82 silly mapToRegistry name union
83 silly mapToRegistry using default registry
84 silly mapToRegistry registry https://registry.npmjs.org/
85 silly mapToRegistry uri https://registry.npmjs.org/union
86 verbose get https://registry.npmjs.org/colors not expired, no request
87 silly resolveWithNewModule colors@1.0.3 checking installable status
88 silly cache add args [ 'colors@1.0.3', null ]
89 verbose cache add spec colors@1.0.3
90 silly cache add parsed spec { raw: 'colors@1.0.3',
90 silly cache add   scope: null,
90 silly cache add   name: 'colors',
90 silly cache add   rawSpec: '1.0.3',
90 silly cache add   spec: '1.0.3',
90 silly cache add   type: 'version' }
91 silly addNamed colors@1.0.3
92 verbose addNamed "1.0.3" is a plain semver version for colors
93 silly mapToRegistry name colors
94 silly mapToRegistry using default registry
95 silly mapToRegistry registry https://registry.npmjs.org/
96 silly mapToRegistry uri https://registry.npmjs.org/colors
97 verbose addNameVersion registry:https://registry.npmjs.org/colors not in flight; fetching
98 verbose get https://registry.npmjs.org/corser not expired, no request
99 silly resolveWithNewModule corser@2.0.1 checking installable status
100 silly cache add args [ 'corser@~2.0.0', null ]
101 verbose cache add spec corser@~2.0.0
102 silly cache add parsed spec { raw: 'corser@~2.0.0',
102 silly cache add   scope: null,
102 silly cache add   name: 'corser',
102 silly cache add   rawSpec: '~2.0.0',
102 silly cache add   spec: '>=2.0.0 <2.1.0',
102 silly cache add   type: 'range' }
103 silly addNamed corser@>=2.0.0 <2.1.0
104 verbose addNamed ">=2.0.0 <2.1.0" is a valid semver range for corser
105 silly addNameRange { name: 'corser', range: '>=2.0.0 <2.1.0', hasData: false }
106 silly mapToRegistry name corser
107 silly mapToRegistry using default registry
108 silly mapToRegistry registry https://registry.npmjs.org/
109 silly mapToRegistry uri https://registry.npmjs.org/corser
110 verbose addNameRange registry:https://registry.npmjs.org/corser not in flight; fetching
111 verbose get https://registry.npmjs.org/ecstatic not expired, no request
112 silly resolveWithNewModule ecstatic@1.4.1 checking installable status
113 silly cache add args [ 'ecstatic@^1.4.0', null ]
114 verbose cache add spec ecstatic@^1.4.0
115 silly cache add parsed spec { raw: 'ecstatic@^1.4.0',
115 silly cache add   scope: null,
115 silly cache add   name: 'ecstatic',
115 silly cache add   rawSpec: '^1.4.0',
115 silly cache add   spec: '>=1.4.0 <2.0.0',
115 silly cache add   type: 'range' }
116 silly addNamed ecstatic@>=1.4.0 <2.0.0
117 verbose addNamed ">=1.4.0 <2.0.0" is a valid semver range for ecstatic
118 silly addNameRange { name: 'ecstatic', range: '>=1.4.0 <2.0.0', hasData: false }
119 silly mapToRegistry name ecstatic
120 silly mapToRegistry using default registry
121 silly mapToRegistry registry https://registry.npmjs.org/
122 silly mapToRegistry uri https://registry.npmjs.org/ecstatic
123 verbose addNameRange registry:https://registry.npmjs.org/ecstatic not in flight; fetching
124 verbose get https://registry.npmjs.org/http-proxy not expired, no request
125 silly resolveWithNewModule http-proxy@1.15.1 checking installable status
126 silly cache add args [ 'http-proxy@^1.8.1', null ]
127 verbose cache add spec http-proxy@^1.8.1
128 silly cache add parsed spec { raw: 'http-proxy@^1.8.1',
128 silly cache add   scope: null,
128 silly cache add   name: 'http-proxy',
128 silly cache add   rawSpec: '^1.8.1',
128 silly cache add   spec: '>=1.8.1 <2.0.0',
128 silly cache add   type: 'range' }
129 silly addNamed http-proxy@>=1.8.1 <2.0.0
130 verbose addNamed ">=1.8.1 <2.0.0" is a valid semver range for http-proxy
131 silly addNameRange { name: 'http-proxy', range: '>=1.8.1 <2.0.0', hasData: false }
132 silly mapToRegistry name http-proxy
133 silly mapToRegistry using default registry
134 silly mapToRegistry registry https://registry.npmjs.org/
135 silly mapToRegistry uri https://registry.npmjs.org/http-proxy
136 verbose addNameRange registry:https://registry.npmjs.org/http-proxy not in flight; fetching
137 verbose get https://registry.npmjs.org/opener not expired, no request
138 silly resolveWithNewModule opener@1.4.2 checking installable status
139 silly cache add args [ 'opener@~1.4.0', null ]
140 verbose cache add spec opener@~1.4.0
141 silly cache add parsed spec { raw: 'opener@~1.4.0',
141 silly cache add   scope: null,
141 silly cache add   name: 'opener',
141 silly cache add   rawSpec: '~1.4.0',
141 silly cache add   spec: '>=1.4.0 <1.5.0',
141 silly cache add   type: 'range' }
142 silly addNamed opener@>=1.4.0 <1.5.0
143 verbose addNamed ">=1.4.0 <1.5.0" is a valid semver range for opener
144 silly addNameRange { name: 'opener', range: '>=1.4.0 <1.5.0', hasData: false }
145 silly mapToRegistry name opener
146 silly mapToRegistry using default registry
147 silly mapToRegistry registry https://registry.npmjs.org/
148 silly mapToRegistry uri https://registry.npmjs.org/opener
149 verbose addNameRange registry:https://registry.npmjs.org/opener not in flight; fetching
150 verbose get https://registry.npmjs.org/optimist not expired, no request
151 silly resolveWithNewModule optimist@0.6.1 checking installable status
152 silly cache add args [ 'optimist@0.6.x', null ]
153 verbose cache add spec optimist@0.6.x
154 silly cache add parsed spec { raw: 'optimist@0.6.x',
154 silly cache add   scope: null,
154 silly cache add   name: 'optimist',
154 silly cache add   rawSpec: '0.6.x',
154 silly cache add   spec: '>=0.6.0 <0.7.0',
154 silly cache add   type: 'range' }
155 silly addNamed optimist@>=0.6.0 <0.7.0
156 verbose addNamed ">=0.6.0 <0.7.0" is a valid semver range for optimist
157 silly addNameRange { name: 'optimist', range: '>=0.6.0 <0.7.0', hasData: false }
158 silly mapToRegistry name optimist
159 silly mapToRegistry using default registry
160 silly mapToRegistry registry https://registry.npmjs.org/
161 silly mapToRegistry uri https://registry.npmjs.org/optimist
162 verbose addNameRange registry:https://registry.npmjs.org/optimist not in flight; fetching
163 verbose get https://registry.npmjs.org/portfinder not expired, no request
164 silly resolveWithNewModule portfinder@0.4.0 checking installable status
165 silly cache add args [ 'portfinder@0.4.x', null ]
166 verbose cache add spec portfinder@0.4.x
167 silly cache add parsed spec { raw: 'portfinder@0.4.x',
167 silly cache add   scope: null,
167 silly cache add   name: 'portfinder',
167 silly cache add   rawSpec: '0.4.x',
167 silly cache add   spec: '>=0.4.0 <0.5.0',
167 silly cache add   type: 'range' }
168 silly addNamed portfinder@>=0.4.0 <0.5.0
169 verbose addNamed ">=0.4.0 <0.5.0" is a valid semver range for portfinder
170 silly addNameRange { name: 'portfinder', range: '>=0.4.0 <0.5.0', hasData: false }
171 silly mapToRegistry name portfinder
172 silly mapToRegistry using default registry
173 silly mapToRegistry registry https://registry.npmjs.org/
174 silly mapToRegistry uri https://registry.npmjs.org/portfinder
175 verbose addNameRange registry:https://registry.npmjs.org/portfinder not in flight; fetching
176 verbose get https://registry.npmjs.org/union not expired, no request
177 silly resolveWithNewModule union@0.4.4 checking installable status
178 silly cache add args [ 'union@~0.4.3', null ]
179 verbose cache add spec union@~0.4.3
180 silly cache add parsed spec { raw: 'union@~0.4.3',
180 silly cache add   scope: null,
180 silly cache add   name: 'union',
180 silly cache add   rawSpec: '~0.4.3',
180 silly cache add   spec: '>=0.4.3 <0.5.0',
180 silly cache add   type: 'range' }
181 silly addNamed union@>=0.4.3 <0.5.0
182 verbose addNamed ">=0.4.3 <0.5.0" is a valid semver range for union
183 silly addNameRange { name: 'union', range: '>=0.4.3 <0.5.0', hasData: false }
184 silly mapToRegistry name union
185 silly mapToRegistry using default registry
186 silly mapToRegistry registry https://registry.npmjs.org/
187 silly mapToRegistry uri https://registry.npmjs.org/union
188 verbose addNameRange registry:https://registry.npmjs.org/union not in flight; fetching
189 verbose get https://registry.npmjs.org/colors not expired, no request
190 verbose get https://registry.npmjs.org/corser not expired, no request
191 silly addNameRange number 2 { name: 'corser', range: '>=2.0.0 <2.1.0', hasData: true }
192 silly addNameRange versions [ 'corser',
192 silly addNameRange   [ '0.1.0',
192 silly addNameRange     '0.2.0',
192 silly addNameRange     '1.0.0',
192 silly addNameRange     '1.0.1',
192 silly addNameRange     '1.0.2',
192 silly addNameRange     '1.1.0',
192 silly addNameRange     '1.1.1',
192 silly addNameRange     '1.1.2',
192 silly addNameRange     '1.2.0',
192 silly addNameRange     '2.0.0',
192 silly addNameRange     '2.0.1' ] ]
193 silly addNamed corser@2.0.1
194 verbose addNamed "2.0.1" is a plain semver version for corser
195 verbose get https://registry.npmjs.org/ecstatic not expired, no request
196 silly addNameRange number 2 { name: 'ecstatic', range: '>=1.4.0 <2.0.0', hasData: true }
197 silly addNameRange versions [ 'ecstatic',
197 silly addNameRange   [ '0.0.0',
197 silly addNameRange     '0.0.1',
197 silly addNameRange     '0.1.0',
197 silly addNameRange     '0.1.1',
197 silly addNameRange     '0.1.1-1',
197 silly addNameRange     '0.1.2',
197 silly addNameRange     '0.1.2-1',
197 silly addNameRange     '0.1.4',
197 silly addNameRange     '0.1.5',
197 silly addNameRange     '0.1.6',
197 silly addNameRange     '0.1.7',
197 silly addNameRange     '0.3.0',
197 silly addNameRange     '0.3.1',
197 silly addNameRange     '0.3.2',
197 silly addNameRange     '0.4.0',
197 silly addNameRange     '0.4.1',
197 silly addNameRange     '0.4.2',
197 silly addNameRange     '0.4.3',
197 silly addNameRange     '0.4.4',
197 silly addNameRange     '0.4.5',
197 silly addNameRange     '0.4.6',
197 silly addNameRange     '0.4.7',
197 silly addNameRange     '0.4.8',
197 silly addNameRange     '0.4.9',
197 silly addNameRange     '0.4.10',
197 silly addNameRange     '0.4.11',
197 silly addNameRange     '0.4.12',
197 silly addNameRange     '0.4.13',
197 silly addNameRange     '0.5.0',
197 silly addNameRange     '0.5.1',
197 silly addNameRange     '0.5.2',
197 silly addNameRange     '0.5.3',
197 silly addNameRange     '0.5.4',
197 silly addNameRange     '0.5.5',
197 silly addNameRange     '0.5.6',
197 silly addNameRange     '0.5.7',
197 silly addNameRange     '0.5.8',
197 silly addNameRange     '0.6.0',
197 silly addNameRange     '0.6.1',
197 silly addNameRange     '0.7.0',
197 silly addNameRange     '0.7.1',
197 silly addNameRange     '0.7.2',
197 silly addNameRange     '0.7.3',
197 silly addNameRange     '0.7.4',
197 silly addNameRange     '0.7.5',
197 silly addNameRange     '0.7.6',
197 silly addNameRange     '0.8.0',
197 silly addNameRange     '1.0.0',
197 silly addNameRange     '1.0.1',
197 silly addNameRange     '1.1.0',
197 silly addNameRange     '1.1.1',
197 silly addNameRange     '1.1.2',
197 silly addNameRange     '1.1.3',
197 silly addNameRange     '1.2.0',
197 silly addNameRange     '1.3.0',
197 silly addNameRange     '1.3.1',
197 silly addNameRange     '1.4.0',
197 silly addNameRange     '1.4.1',
197 silly addNameRange     '2.0.0',
197 silly addNameRange     '2.1.0' ] ]
198 silly addNamed ecstatic@1.4.1
199 verbose addNamed "1.4.1" is a plain semver version for ecstatic
200 verbose get https://registry.npmjs.org/opener not expired, no request
201 silly addNameRange number 2 { name: 'opener', range: '>=1.4.0 <1.5.0', hasData: true }
202 silly addNameRange versions [ 'opener',
202 silly addNameRange   [ '1.0.0',
202 silly addNameRange     '1.0.1',
202 silly addNameRange     '1.1.0',
202 silly addNameRange     '1.2.0',
202 silly addNameRange     '1.3.0',
202 silly addNameRange     '1.4.0',
202 silly addNameRange     '1.4.1',
202 silly addNameRange     '1.4.2' ] ]
203 silly addNamed opener@1.4.2
204 verbose addNamed "1.4.2" is a plain semver version for opener
205 verbose get https://registry.npmjs.org/http-proxy not expired, no request
206 silly addNameRange number 2 { name: 'http-proxy', range: '>=1.8.1 <2.0.0', hasData: true }
207 silly addNameRange versions [ 'http-proxy',
207 silly addNameRange   [ '0.5.9',
207 silly addNameRange     '0.5.10',
207 silly addNameRange     '0.5.11',
207 silly addNameRange     '0.6.0',
207 silly addNameRange     '0.6.1',
207 silly addNameRange     '0.6.2',
207 silly addNameRange     '0.6.4',
207 silly addNameRange     '0.6.5',
207 silly addNameRange     '0.6.6',
207 silly addNameRange     '0.7.0',
207 silly addNameRange     '0.7.2',
207 silly addNameRange     '0.7.3',
207 silly addNameRange     '0.7.4',
207 silly addNameRange     '0.7.5',
207 silly addNameRange     '0.7.6',
207 silly addNameRange     '0.8.0',
207 silly addNameRange     '0.8.1',
207 silly addNameRange     '0.8.2',
207 silly addNameRange     '0.8.3',
207 silly addNameRange     '0.8.4',
207 silly addNameRange     '0.8.5',
207 silly addNameRange     '0.8.6',
207 silly addNameRange     '0.8.7',
207 silly addNameRange     '0.9.0',
207 silly addNameRange     '0.9.1',
207 silly addNameRange     '0.10.0',
207 silly addNameRange     '0.10.1',
207 silly addNameRange     '0.10.2',
207 silly addNameRange     '0.10.3',
207 silly addNameRange     '0.10.4',
207 silly addNameRange     '1.0.0',
207 silly addNameRange     '1.0.1',
207 silly addNameRange     '1.0.2',
207 silly addNameRange     '1.0.3',
207 silly addNameRange     '1.1.0',
207 silly addNameRange     '1.1.1',
207 silly addNameRange     '1.1.2',
207 silly addNameRange     '1.1.3',
207 silly addNameRange     '1.1.4',
207 silly addNameRange     '1.1.5',
207 silly addNameRange     '1.1.6',
207 silly addNameRange     '1.2.0',
207 silly addNameRange     '1.2.1',
207 silly addNameRange     '1.3.0',
207 silly addNameRange     '1.4.0',
207 silly addNameRange     '1.4.1',
207 silly addNameRange     '1.4.2',
207 silly addNameRange     '1.4.3',
207 silly addNameRange     '1.5.0',
207 silly addNameRange     '1.5.1',
207 silly addNameRange     '1.5.2',
207 silly addNameRange     '1.5.3',
207 silly addNameRange     '1.6.0',
207 silly addNameRange     '1.6.1',
207 silly addNameRange     '1.6.2',
207 silly addNameRange     '1.7.0',
207 silly addNameRange     '1.7.1',
207 silly addNameRange     '1.7.2',
207 silly addNameRange     '1.7.3',
207 silly addNameRange     '1.8.0',
207 silly addNameRange     '1.8.1',
207 silly addNameRange     '1.9.0',
207 silly addNameRange     '1.9.1',
207 silly addNameRange     '1.10.0',
207 silly addNameRange     '1.10.1',
207 silly addNameRange     '1.11.0',
207 silly addNameRange     '1.11.1',
207 silly addNameRange     '1.11.2',
207 silly addNameRange     '1.11.3',
207 silly addNameRange     '1.12.0',
207 silly addNameRange     '1.12.1',
207 silly addNameRange     '1.13.0',
207 silly addNameRange     '1.13.1',
207 silly addNameRange     '1.13.2',
207 silly addNameRange     '1.13.3',
207 silly addNameRange     '1.14.0',
207 silly addNameRange     '1.15.0',
207 silly addNameRange     '1.15.1' ] ]
208 silly addNamed http-proxy@1.15.1
209 verbose addNamed "1.15.1" is a plain semver version for http-proxy
210 verbose get https://registry.npmjs.org/optimist not expired, no request
211 silly addNameRange number 2 { name: 'optimist', range: '>=0.6.0 <0.7.0', hasData: true }
212 silly addNameRange versions [ 'optimist',
212 silly addNameRange   [ '0.0.1',
212 silly addNameRange     '0.0.2',
212 silly addNameRange     '0.0.4',
212 silly addNameRange     '0.0.5',
212 silly addNameRange     '0.0.6',
212 silly addNameRange     '0.0.7',
212 silly addNameRange     '0.1.0',
212 silly addNameRange     '0.1.1',
212 silly addNameRange     '0.1.2',
212 silly addNameRange     '0.1.3',
212 silly addNameRange     '0.1.4',
212 silly addNameRange     '0.1.5',
212 silly addNameRange     '0.1.6',
212 silly addNameRange     '0.1.7',
212 silly addNameRange     '0.1.8',
212 silly addNameRange     '0.1.9',
212 silly addNameRange     '0.0.3',
212 silly addNameRange     '0.2.0',
212 silly addNameRange     '0.2.1',
212 silly addNameRange     '0.2.2',
212 silly addNameRange     '0.2.3',
212 silly addNameRange     '0.2.4',
212 silly addNameRange     '0.2.5',
212 silly addNameRange     '0.2.6',
212 silly addNameRange     '0.2.7',
212 silly addNameRange     '0.2.8',
212 silly addNameRange     '0.3.0',
212 silly addNameRange     '0.3.1',
212 silly addNameRange     '0.3.3',
212 silly addNameRange     '0.3.4',
212 silly addNameRange     '0.3.5',
212 silly addNameRange     '0.3.6',
212 silly addNameRange     '0.3.7',
212 silly addNameRange     '0.4.0',
212 silly addNameRange     '0.5.0',
212 silly addNameRange     '0.5.1',
212 silly addNameRange     '0.5.2',
212 silly addNameRange     '0.6.0',
212 silly addNameRange     '0.6.1' ] ]
213 silly addNamed optimist@0.6.1
214 verbose addNamed "0.6.1" is a plain semver version for optimist
215 verbose get https://registry.npmjs.org/portfinder not expired, no request
216 silly addNameRange number 2 { name: 'portfinder', range: '>=0.4.0 <0.5.0', hasData: true }
217 silly addNameRange versions [ 'portfinder',
217 silly addNameRange   [ '0.1.0',
217 silly addNameRange     '0.2.0',
217 silly addNameRange     '0.2.1',
217 silly addNameRange     '0.3.0',
217 silly addNameRange     '0.4.0',
217 silly addNameRange     '1.0.0',
217 silly addNameRange     '1.0.1',
217 silly addNameRange     '1.0.2',
217 silly addNameRange     '1.0.3',
217 silly addNameRange     '1.0.4',
217 silly addNameRange     '1.0.5',
217 silly addNameRange     '1.0.6',
217 silly addNameRange     '1.0.7-beta.0',
217 silly addNameRange     '1.0.7' ] ]
218 silly addNamed portfinder@0.4.0
219 verbose addNamed "0.4.0" is a plain semver version for portfinder
220 verbose get https://registry.npmjs.org/union not expired, no request
221 silly addNameRange number 2 { name: 'union', range: '>=0.4.3 <0.5.0', hasData: true }
222 silly addNameRange versions [ 'union',
222 silly addNameRange   [ '0.1.0',
222 silly addNameRange     '0.1.2',
222 silly addNameRange     '0.1.3',
222 silly addNameRange     '0.1.4',
222 silly addNameRange     '0.1.5',
222 silly addNameRange     '0.1.6',
222 silly addNameRange     '0.1.7',
222 silly addNameRange     '0.1.8',
222 silly addNameRange     '0.2.0',
222 silly addNameRange     '0.2.1',
222 silly addNameRange     '0.3.0',
222 silly addNameRange     '0.3.2',
222 silly addNameRange     '0.3.3',
222 silly addNameRange     '0.3.4',
222 silly addNameRange     '0.3.5',
222 silly addNameRange     '0.3.6',
222 silly addNameRange     '0.3.7',
222 silly addNameRange     '0.3.8',
222 silly addNameRange     '0.4.0',
222 silly addNameRange     '0.4.1',
222 silly addNameRange     '0.4.2',
222 silly addNameRange     '0.4.3',
222 silly addNameRange     '0.4.4' ] ]
223 silly addNamed union@0.4.4
224 verbose addNamed "0.4.4" is a plain semver version for union
225 silly cache afterAdd corser@2.0.1
226 verbose afterAdd /Users/thomasfetiveau/.npm/corser/2.0.1/package/package.json not in flight; writing
227 silly cache afterAdd colors@1.0.3
228 verbose afterAdd /Users/thomasfetiveau/.npm/colors/1.0.3/package/package.json not in flight; writing
229 silly cache afterAdd optimist@0.6.1
230 verbose afterAdd /Users/thomasfetiveau/.npm/optimist/0.6.1/package/package.json not in flight; writing
231 silly cache afterAdd http-proxy@1.15.1
232 verbose afterAdd /Users/thomasfetiveau/.npm/http-proxy/1.15.1/package/package.json not in flight; writing
233 silly cache afterAdd portfinder@0.4.0
234 verbose afterAdd /Users/thomasfetiveau/.npm/portfinder/0.4.0/package/package.json not in flight; writing
235 silly cache afterAdd union@0.4.4
236 verbose afterAdd /Users/thomasfetiveau/.npm/union/0.4.4/package/package.json not in flight; writing
237 silly cache afterAdd opener@1.4.2
238 verbose afterAdd /Users/thomasfetiveau/.npm/opener/1.4.2/package/package.json not in flight; writing
239 silly cache afterAdd ecstatic@1.4.1
240 verbose afterAdd /Users/thomasfetiveau/.npm/ecstatic/1.4.1/package/package.json not in flight; writing
241 verbose afterAdd /Users/thomasfetiveau/.npm/colors/1.0.3/package/package.json written
242 verbose afterAdd /Users/thomasfetiveau/.npm/corser/2.0.1/package/package.json written
243 verbose afterAdd /Users/thomasfetiveau/.npm/optimist/0.6.1/package/package.json written
244 verbose afterAdd /Users/thomasfetiveau/.npm/portfinder/0.4.0/package/package.json written
245 verbose afterAdd /Users/thomasfetiveau/.npm/http-proxy/1.15.1/package/package.json written
246 verbose afterAdd /Users/thomasfetiveau/.npm/opener/1.4.2/package/package.json written
247 verbose afterAdd /Users/thomasfetiveau/.npm/union/0.4.4/package/package.json written
248 verbose afterAdd /Users/thomasfetiveau/.npm/ecstatic/1.4.1/package/package.json written
249 silly fetchNamedPackageData he
250 silly mapToRegistry name he
251 silly mapToRegistry using default registry
252 silly mapToRegistry registry https://registry.npmjs.org/
253 silly mapToRegistry uri https://registry.npmjs.org/he
254 silly fetchNamedPackageData mime
255 silly mapToRegistry name mime
256 silly mapToRegistry using default registry
257 silly mapToRegistry registry https://registry.npmjs.org/
258 silly mapToRegistry uri https://registry.npmjs.org/mime
259 silly fetchNamedPackageData minimist
260 silly mapToRegistry name minimist
261 silly mapToRegistry using default registry
262 silly mapToRegistry registry https://registry.npmjs.org/
263 silly mapToRegistry uri https://registry.npmjs.org/minimist
264 silly fetchNamedPackageData url-join
265 silly mapToRegistry name url-join
266 silly mapToRegistry using default registry
267 silly mapToRegistry registry https://registry.npmjs.org/
268 silly mapToRegistry uri https://registry.npmjs.org/url-join
269 verbose get https://registry.npmjs.org/he not expired, no request
270 silly resolveWithNewModule he@0.5.0 checking installable status
271 silly cache add args [ 'he@^0.5.0', null ]
272 verbose cache add spec he@^0.5.0
273 silly cache add parsed spec { raw: 'he@^0.5.0',
273 silly cache add   scope: null,
273 silly cache add   name: 'he',
273 silly cache add   rawSpec: '^0.5.0',
273 silly cache add   spec: '>=0.5.0 <0.6.0',
273 silly cache add   type: 'range' }
274 silly addNamed he@>=0.5.0 <0.6.0
275 verbose addNamed ">=0.5.0 <0.6.0" is a valid semver range for he
276 silly addNameRange { name: 'he', range: '>=0.5.0 <0.6.0', hasData: false }
277 silly mapToRegistry name he
278 silly mapToRegistry using default registry
279 silly mapToRegistry registry https://registry.npmjs.org/
280 silly mapToRegistry uri https://registry.npmjs.org/he
281 verbose addNameRange registry:https://registry.npmjs.org/he not in flight; fetching
282 verbose get https://registry.npmjs.org/minimist not expired, no request
283 silly resolveWithNewModule minimist@1.2.0 checking installable status
284 silly cache add args [ 'minimist@^1.1.0', null ]
285 verbose cache add spec minimist@^1.1.0
286 silly cache add parsed spec { raw: 'minimist@^1.1.0',
286 silly cache add   scope: null,
286 silly cache add   name: 'minimist',
286 silly cache add   rawSpec: '^1.1.0',
286 silly cache add   spec: '>=1.1.0 <2.0.0',
286 silly cache add   type: 'range' }
287 silly addNamed minimist@>=1.1.0 <2.0.0
288 verbose addNamed ">=1.1.0 <2.0.0" is a valid semver range for minimist
289 silly addNameRange { name: 'minimist', range: '>=1.1.0 <2.0.0', hasData: false }
290 silly mapToRegistry name minimist
291 silly mapToRegistry using default registry
292 silly mapToRegistry registry https://registry.npmjs.org/
293 silly mapToRegistry uri https://registry.npmjs.org/minimist
294 verbose addNameRange registry:https://registry.npmjs.org/minimist not in flight; fetching
295 verbose get https://registry.npmjs.org/mime not expired, no request
296 silly resolveWithNewModule mime@1.3.4 checking installable status
297 silly cache add args [ 'mime@^1.2.11', null ]
298 verbose cache add spec mime@^1.2.11
299 silly cache add parsed spec { raw: 'mime@^1.2.11',
299 silly cache add   scope: null,
299 silly cache add   name: 'mime',
299 silly cache add   rawSpec: '^1.2.11',
299 silly cache add   spec: '>=1.2.11 <2.0.0',
299 silly cache add   type: 'range' }
300 silly addNamed mime@>=1.2.11 <2.0.0
301 verbose addNamed ">=1.2.11 <2.0.0" is a valid semver range for mime
302 silly addNameRange { name: 'mime', range: '>=1.2.11 <2.0.0', hasData: false }
303 silly mapToRegistry name mime
304 silly mapToRegistry using default registry
305 silly mapToRegistry registry https://registry.npmjs.org/
306 silly mapToRegistry uri https://registry.npmjs.org/mime
307 verbose addNameRange registry:https://registry.npmjs.org/mime not in flight; fetching
308 verbose get https://registry.npmjs.org/url-join not expired, no request
309 silly resolveWithNewModule url-join@1.1.0 checking installable status
310 silly cache add args [ 'url-join@^1.0.0', null ]
311 verbose cache add spec url-join@^1.0.0
312 silly cache add parsed spec { raw: 'url-join@^1.0.0',
312 silly cache add   scope: null,
312 silly cache add   name: 'url-join',
312 silly cache add   rawSpec: '^1.0.0',
312 silly cache add   spec: '>=1.0.0 <2.0.0',
312 silly cache add   type: 'range' }
313 silly addNamed url-join@>=1.0.0 <2.0.0
314 verbose addNamed ">=1.0.0 <2.0.0" is a valid semver range for url-join
315 silly addNameRange { name: 'url-join', range: '>=1.0.0 <2.0.0', hasData: false }
316 silly mapToRegistry name url-join
317 silly mapToRegistry using default registry
318 silly mapToRegistry registry https://registry.npmjs.org/
319 silly mapToRegistry uri https://registry.npmjs.org/url-join
320 verbose addNameRange registry:https://registry.npmjs.org/url-join not in flight; fetching
321 verbose get https://registry.npmjs.org/he not expired, no request
322 silly addNameRange number 2 { name: 'he', range: '>=0.5.0 <0.6.0', hasData: true }
323 silly addNameRange versions [ 'he',
323 silly addNameRange   [ '0.1.0',
323 silly addNameRange     '0.1.1',
323 silly addNameRange     '0.1.2',
323 silly addNameRange     '0.1.3',
323 silly addNameRange     '0.1.4',
323 silly addNameRange     '0.1.5',
323 silly addNameRange     '0.1.6',
323 silly addNameRange     '0.1.7',
323 silly addNameRange     '0.1.8',
323 silly addNameRange     '0.1.9',
323 silly addNameRange     '0.1.10',
323 silly addNameRange     '0.2.0',
323 silly addNameRange     '0.2.1',
323 silly addNameRange     '0.3.0',
323 silly addNameRange     '0.3.1',
323 silly addNameRange     '0.3.2',
323 silly addNameRange     '0.3.3',
323 silly addNameRange     '0.3.4',
323 silly addNameRange     '0.3.5',
323 silly addNameRange     '0.3.6',
323 silly addNameRange     '0.4.0',
323 silly addNameRange     '0.4.1',
323 silly addNameRange     '0.5.0',
323 silly addNameRange     '1.0.0',
323 silly addNameRange     '1.1.0' ] ]
324 silly addNamed he@0.5.0
325 verbose addNamed "0.5.0" is a plain semver version for he
326 verbose get https://registry.npmjs.org/minimist not expired, no request
327 silly addNameRange number 2 { name: 'minimist', range: '>=1.1.0 <2.0.0', hasData: true }
328 silly addNameRange versions [ 'minimist',
328 silly addNameRange   [ '0.0.0',
328 silly addNameRange     '0.0.1',
328 silly addNameRange     '0.0.2',
328 silly addNameRange     '0.0.3',
328 silly addNameRange     '0.0.4',
328 silly addNameRange     '0.0.5',
328 silly addNameRange     '0.0.6',
328 silly addNameRange     '0.0.7',
328 silly addNameRange     '0.0.8',
328 silly addNameRange     '0.0.9',
328 silly addNameRange     '0.0.10',
328 silly addNameRange     '0.1.0',
328 silly addNameRange     '0.2.0',
328 silly addNameRange     '1.0.0',
328 silly addNameRange     '1.1.0',
328 silly addNameRange     '1.1.1',
328 silly addNameRange     '1.1.2',
328 silly addNameRange     '1.1.3',
328 silly addNameRange     '1.2.0' ] ]
329 silly addNamed minimist@1.2.0
330 verbose addNamed "1.2.0" is a plain semver version for minimist
331 verbose get https://registry.npmjs.org/mime not expired, no request
332 silly addNameRange number 2 { name: 'mime', range: '>=1.2.11 <2.0.0', hasData: true }
333 silly addNameRange versions [ 'mime',
333 silly addNameRange   [ '1.0.0',
333 silly addNameRange     '1.1.0',
333 silly addNameRange     '1.2.1',
333 silly addNameRange     '1.2.2',
333 silly addNameRange     '1.2.3',
333 silly addNameRange     '1.2.4',
333 silly addNameRange     '1.2.5',
333 silly addNameRange     '1.2.6',
333 silly addNameRange     '1.2.7',
333 silly addNameRange     '1.2.8',
333 silly addNameRange     '1.2.9',
333 silly addNameRange     '1.2.10',
333 silly addNameRange     '1.2.11',
333 silly addNameRange     '1.3.0',
333 silly addNameRange     '1.3.2',
333 silly addNameRange     '1.3.3',
333 silly addNameRange     '1.3.4' ] ]
334 silly addNamed mime@1.3.4
335 verbose addNamed "1.3.4" is a plain semver version for mime
336 verbose get https://registry.npmjs.org/url-join not expired, no request
337 silly addNameRange number 2 { name: 'url-join', range: '>=1.0.0 <2.0.0', hasData: true }
338 silly addNameRange versions [ 'url-join', [ '0.0.1', '1.0.0', '1.1.0' ] ]
339 silly addNamed url-join@1.1.0
340 verbose addNamed "1.1.0" is a plain semver version for url-join
341 silly cache afterAdd minimist@1.2.0
342 verbose afterAdd /Users/thomasfetiveau/.npm/minimist/1.2.0/package/package.json not in flight; writing
343 silly cache afterAdd url-join@1.1.0
344 verbose afterAdd /Users/thomasfetiveau/.npm/url-join/1.1.0/package/package.json not in flight; writing
345 silly cache afterAdd he@0.5.0
346 verbose afterAdd /Users/thomasfetiveau/.npm/he/0.5.0/package/package.json not in flight; writing
347 silly cache afterAdd mime@1.3.4
348 verbose afterAdd /Users/thomasfetiveau/.npm/mime/1.3.4/package/package.json not in flight; writing
349 verbose afterAdd /Users/thomasfetiveau/.npm/mime/1.3.4/package/package.json written
350 verbose afterAdd /Users/thomasfetiveau/.npm/minimist/1.2.0/package/package.json written
351 verbose afterAdd /Users/thomasfetiveau/.npm/he/0.5.0/package/package.json written
352 verbose afterAdd /Users/thomasfetiveau/.npm/url-join/1.1.0/package/package.json written
353 silly fetchNamedPackageData eventemitter3
354 silly mapToRegistry name eventemitter3
355 silly mapToRegistry using default registry
356 silly mapToRegistry registry https://registry.npmjs.org/
357 silly mapToRegistry uri https://registry.npmjs.org/eventemitter3
358 silly fetchNamedPackageData requires-port
359 silly mapToRegistry name requires-port
360 silly mapToRegistry using default registry
361 silly mapToRegistry registry https://registry.npmjs.org/
362 silly mapToRegistry uri https://registry.npmjs.org/requires-port
363 verbose get https://registry.npmjs.org/requires-port not expired, no request
364 silly resolveWithNewModule requires-port@1.0.0 checking installable status
365 silly cache add args [ 'requires-port@1.x.x', null ]
366 verbose cache add spec requires-port@1.x.x
367 silly cache add parsed spec { raw: 'requires-port@1.x.x',
367 silly cache add   scope: null,
367 silly cache add   name: 'requires-port',
367 silly cache add   rawSpec: '1.x.x',
367 silly cache add   spec: '>=1.0.0 <2.0.0',
367 silly cache add   type: 'range' }
368 silly addNamed requires-port@>=1.0.0 <2.0.0
369 verbose addNamed ">=1.0.0 <2.0.0" is a valid semver range for requires-port
370 silly addNameRange { name: 'requires-port',
370 silly addNameRange   range: '>=1.0.0 <2.0.0',
370 silly addNameRange   hasData: false }
371 silly mapToRegistry name requires-port
372 silly mapToRegistry using default registry
373 silly mapToRegistry registry https://registry.npmjs.org/
374 silly mapToRegistry uri https://registry.npmjs.org/requires-port
375 verbose addNameRange registry:https://registry.npmjs.org/requires-port not in flight; fetching
376 verbose get https://registry.npmjs.org/eventemitter3 not expired, no request
377 silly resolveWithNewModule eventemitter3@1.2.0 checking installable status
378 silly cache add args [ 'eventemitter3@1.x.x', null ]
379 verbose cache add spec eventemitter3@1.x.x
380 silly cache add parsed spec { raw: 'eventemitter3@1.x.x',
380 silly cache add   scope: null,
380 silly cache add   name: 'eventemitter3',
380 silly cache add   rawSpec: '1.x.x',
380 silly cache add   spec: '>=1.0.0 <2.0.0',
380 silly cache add   type: 'range' }
381 silly addNamed eventemitter3@>=1.0.0 <2.0.0
382 verbose addNamed ">=1.0.0 <2.0.0" is a valid semver range for eventemitter3
383 silly addNameRange { name: 'eventemitter3',
383 silly addNameRange   range: '>=1.0.0 <2.0.0',
383 silly addNameRange   hasData: false }
384 silly mapToRegistry name eventemitter3
385 silly mapToRegistry using default registry
386 silly mapToRegistry registry https://registry.npmjs.org/
387 silly mapToRegistry uri https://registry.npmjs.org/eventemitter3
388 verbose addNameRange registry:https://registry.npmjs.org/eventemitter3 not in flight; fetching
389 verbose get https://registry.npmjs.org/requires-port not expired, no request
390 silly addNameRange number 2 { name: 'requires-port', range: '>=1.0.0 <2.0.0', hasData: true }
391 silly addNameRange versions [ 'requires-port', [ '0.0.0', '0.0.1', '1.0.0' ] ]
392 silly addNamed requires-port@1.0.0
393 verbose addNamed "1.0.0" is a plain semver version for requires-port
394 verbose get https://registry.npmjs.org/eventemitter3 not expired, no request
395 silly addNameRange number 2 { name: 'eventemitter3', range: '>=1.0.0 <2.0.0', hasData: true }
396 silly addNameRange versions [ 'eventemitter3',
396 silly addNameRange   [ '0.0.0',
396 silly addNameRange     '0.0.1',
396 silly addNameRange     '0.1.0',
396 silly addNameRange     '0.1.1',
396 silly addNameRange     '0.1.2',
396 silly addNameRange     '0.1.3',
396 silly addNameRange     '0.1.4',
396 silly addNameRange     '0.1.5',
396 silly addNameRange     '0.1.6',
396 silly addNameRange     '1.0.0',
396 silly addNameRange     '1.0.1',
396 silly addNameRange     '1.0.2',
396 silly addNameRange     '1.0.3',
396 silly addNameRange     '1.1.0',
396 silly addNameRange     '1.1.1',
396 silly addNameRange     '1.2.0',
396 silly addNameRange     '2.0.0',
396 silly addNameRange     '2.0.1' ] ]
397 silly addNamed eventemitter3@1.2.0
398 verbose addNamed "1.2.0" is a plain semver version for eventemitter3
399 silly cache afterAdd requires-port@1.0.0
400 verbose afterAdd /Users/thomasfetiveau/.npm/requires-port/1.0.0/package/package.json not in flight; writing
401 silly cache afterAdd eventemitter3@1.2.0
402 verbose afterAdd /Users/thomasfetiveau/.npm/eventemitter3/1.2.0/package/package.json not in flight; writing
403 verbose afterAdd /Users/thomasfetiveau/.npm/eventemitter3/1.2.0/package/package.json written
404 verbose afterAdd /Users/thomasfetiveau/.npm/requires-port/1.0.0/package/package.json written
405 silly fetchNamedPackageData wordwrap
406 silly mapToRegistry name wordwrap
407 silly mapToRegistry using default registry
408 silly mapToRegistry registry https://registry.npmjs.org/
409 silly mapToRegistry uri https://registry.npmjs.org/wordwrap
410 silly fetchNamedPackageData minimist
411 silly mapToRegistry name minimist
412 silly mapToRegistry using default registry
413 silly mapToRegistry registry https://registry.npmjs.org/
414 silly mapToRegistry uri https://registry.npmjs.org/minimist
415 silly resolveWithNewModule minimist@0.0.10 checking installable status
416 silly cache add args [ 'minimist@~0.0.1', null ]
417 verbose cache add spec minimist@~0.0.1
418 silly cache add parsed spec { raw: 'minimist@~0.0.1',
418 silly cache add   scope: null,
418 silly cache add   name: 'minimist',
418 silly cache add   rawSpec: '~0.0.1',
418 silly cache add   spec: '>=0.0.1 <0.1.0',
418 silly cache add   type: 'range' }
419 silly addNamed minimist@>=0.0.1 <0.1.0
420 verbose addNamed ">=0.0.1 <0.1.0" is a valid semver range for minimist
421 silly addNameRange { name: 'minimist', range: '>=0.0.1 <0.1.0', hasData: false }
422 silly mapToRegistry name minimist
423 silly mapToRegistry using default registry
424 silly mapToRegistry registry https://registry.npmjs.org/
425 silly mapToRegistry uri https://registry.npmjs.org/minimist
426 verbose addNameRange registry:https://registry.npmjs.org/minimist not in flight; fetching
427 verbose get https://registry.npmjs.org/wordwrap not expired, no request
428 silly resolveWithNewModule wordwrap@0.0.3 checking installable status
429 silly cache add args [ 'wordwrap@~0.0.2', null ]
430 verbose cache add spec wordwrap@~0.0.2
431 silly cache add parsed spec { raw: 'wordwrap@~0.0.2',
431 silly cache add   scope: null,
431 silly cache add   name: 'wordwrap',
431 silly cache add   rawSpec: '~0.0.2',
431 silly cache add   spec: '>=0.0.2 <0.1.0',
431 silly cache add   type: 'range' }
432 silly addNamed wordwrap@>=0.0.2 <0.1.0
433 verbose addNamed ">=0.0.2 <0.1.0" is a valid semver range for wordwrap
434 silly addNameRange { name: 'wordwrap', range: '>=0.0.2 <0.1.0', hasData: false }
435 silly mapToRegistry name wordwrap
436 silly mapToRegistry using default registry
437 silly mapToRegistry registry https://registry.npmjs.org/
438 silly mapToRegistry uri https://registry.npmjs.org/wordwrap
439 verbose addNameRange registry:https://registry.npmjs.org/wordwrap not in flight; fetching
440 verbose get https://registry.npmjs.org/minimist not expired, no request
441 silly addNameRange number 2 { name: 'minimist', range: '>=0.0.1 <0.1.0', hasData: true }
442 silly addNameRange versions [ 'minimist',
442 silly addNameRange   [ '0.0.0',
442 silly addNameRange     '0.0.1',
442 silly addNameRange     '0.0.2',
442 silly addNameRange     '0.0.3',
442 silly addNameRange     '0.0.4',
442 silly addNameRange     '0.0.5',
442 silly addNameRange     '0.0.6',
442 silly addNameRange     '0.0.7',
442 silly addNameRange     '0.0.8',
442 silly addNameRange     '0.0.9',
442 silly addNameRange     '0.0.10',
442 silly addNameRange     '0.1.0',
442 silly addNameRange     '0.2.0',
442 silly addNameRange     '1.0.0',
442 silly addNameRange     '1.1.0',
442 silly addNameRange     '1.1.1',
442 silly addNameRange     '1.1.2',
442 silly addNameRange     '1.1.3',
442 silly addNameRange     '1.2.0' ] ]
443 silly addNamed minimist@0.0.10
444 verbose addNamed "0.0.10" is a plain semver version for minimist
445 verbose get https://registry.npmjs.org/wordwrap not expired, no request
446 silly addNameRange number 2 { name: 'wordwrap', range: '>=0.0.2 <0.1.0', hasData: true }
447 silly addNameRange versions [ 'wordwrap', [ '0.0.1', '0.0.2', '0.0.3', '1.0.0' ] ]
448 silly addNamed wordwrap@0.0.3
449 verbose addNamed "0.0.3" is a plain semver version for wordwrap
450 silly cache afterAdd minimist@0.0.10
451 verbose afterAdd /Users/thomasfetiveau/.npm/minimist/0.0.10/package/package.json not in flight; writing
452 silly cache afterAdd wordwrap@0.0.3
453 verbose afterAdd /Users/thomasfetiveau/.npm/wordwrap/0.0.3/package/package.json not in flight; writing
454 verbose afterAdd /Users/thomasfetiveau/.npm/minimist/0.0.10/package/package.json written
455 verbose afterAdd /Users/thomasfetiveau/.npm/wordwrap/0.0.3/package/package.json written
456 silly fetchNamedPackageData async
457 silly mapToRegistry name async
458 silly mapToRegistry using default registry
459 silly mapToRegistry registry https://registry.npmjs.org/
460 silly mapToRegistry uri https://registry.npmjs.org/async
461 silly fetchNamedPackageData mkdirp
462 silly mapToRegistry name mkdirp
463 silly mapToRegistry using default registry
464 silly mapToRegistry registry https://registry.npmjs.org/
465 silly mapToRegistry uri https://registry.npmjs.org/mkdirp
466 verbose get https://registry.npmjs.org/mkdirp not expired, no request
467 silly resolveWithNewModule mkdirp@0.5.1 checking installable status
468 silly cache add args [ 'mkdirp@0.5.x', null ]
469 verbose cache add spec mkdirp@0.5.x
470 silly cache add parsed spec { raw: 'mkdirp@0.5.x',
470 silly cache add   scope: null,
470 silly cache add   name: 'mkdirp',
470 silly cache add   rawSpec: '0.5.x',
470 silly cache add   spec: '>=0.5.0 <0.6.0',
470 silly cache add   type: 'range' }
471 silly addNamed mkdirp@>=0.5.0 <0.6.0
472 verbose addNamed ">=0.5.0 <0.6.0" is a valid semver range for mkdirp
473 silly addNameRange { name: 'mkdirp', range: '>=0.5.0 <0.6.0', hasData: false }
474 silly mapToRegistry name mkdirp
475 silly mapToRegistry using default registry
476 silly mapToRegistry registry https://registry.npmjs.org/
477 silly mapToRegistry uri https://registry.npmjs.org/mkdirp
478 verbose addNameRange registry:https://registry.npmjs.org/mkdirp not in flight; fetching
479 verbose get https://registry.npmjs.org/async not expired, no request
480 silly resolveWithNewModule async@0.9.0 checking installable status
481 silly cache add args [ 'async@0.9.0', null ]
482 verbose cache add spec async@0.9.0
483 silly cache add parsed spec { raw: 'async@0.9.0',
483 silly cache add   scope: null,
483 silly cache add   name: 'async',
483 silly cache add   rawSpec: '0.9.0',
483 silly cache add   spec: '0.9.0',
483 silly cache add   type: 'version' }
484 silly addNamed async@0.9.0
485 verbose addNamed "0.9.0" is a plain semver version for async
486 silly mapToRegistry name async
487 silly mapToRegistry using default registry
488 silly mapToRegistry registry https://registry.npmjs.org/
489 silly mapToRegistry uri https://registry.npmjs.org/async
490 verbose addNameVersion registry:https://registry.npmjs.org/async not in flight; fetching
491 verbose get https://registry.npmjs.org/mkdirp not expired, no request
492 silly addNameRange number 2 { name: 'mkdirp', range: '>=0.5.0 <0.6.0', hasData: true }
493 silly addNameRange versions [ 'mkdirp',
493 silly addNameRange   [ '0.0.1',
493 silly addNameRange     '0.0.2',
493 silly addNameRange     '0.0.3',
493 silly addNameRange     '0.0.4',
493 silly addNameRange     '0.0.5',
493 silly addNameRange     '0.0.6',
493 silly addNameRange     '0.0.7',
493 silly addNameRange     '0.1.0',
493 silly addNameRange     '0.2.0',
493 silly addNameRange     '0.2.1',
493 silly addNameRange     '0.2.2',
493 silly addNameRange     '0.3.0',
493 silly addNameRange     '0.3.1',
493 silly addNameRange     '0.3.2',
493 silly addNameRange     '0.3.3',
493 silly addNameRange     '0.3.4',
493 silly addNameRange     '0.3.5',
493 silly addNameRange     '0.4.0',
493 silly addNameRange     '0.4.1',
493 silly addNameRange     '0.4.2',
493 silly addNameRange     '0.5.0',
493 silly addNameRange     '0.5.1' ] ]
494 silly addNamed mkdirp@0.5.1
495 verbose addNamed "0.5.1" is a plain semver version for mkdirp
496 verbose get https://registry.npmjs.org/async not expired, no request
497 silly cache afterAdd async@0.9.0
498 verbose afterAdd /Users/thomasfetiveau/.npm/async/0.9.0/package/package.json not in flight; writing
499 silly cache afterAdd mkdirp@0.5.1
500 verbose afterAdd /Users/thomasfetiveau/.npm/mkdirp/0.5.1/package/package.json not in flight; writing
501 verbose afterAdd /Users/thomasfetiveau/.npm/async/0.9.0/package/package.json written
502 verbose afterAdd /Users/thomasfetiveau/.npm/mkdirp/0.5.1/package/package.json written
503 silly fetchNamedPackageData minimist
504 silly mapToRegistry name minimist
505 silly mapToRegistry using default registry
506 silly mapToRegistry registry https://registry.npmjs.org/
507 silly mapToRegistry uri https://registry.npmjs.org/minimist
508 silly resolveWithNewModule minimist@0.0.8 checking installable status
509 silly cache add args [ 'minimist@0.0.8', null ]
510 verbose cache add spec minimist@0.0.8
511 silly cache add parsed spec { raw: 'minimist@0.0.8',
511 silly cache add   scope: null,
511 silly cache add   name: 'minimist',
511 silly cache add   rawSpec: '0.0.8',
511 silly cache add   spec: '0.0.8',
511 silly cache add   type: 'version' }
512 silly addNamed minimist@0.0.8
513 verbose addNamed "0.0.8" is a plain semver version for minimist
514 silly mapToRegistry name minimist
515 silly mapToRegistry using default registry
516 silly mapToRegistry registry https://registry.npmjs.org/
517 silly mapToRegistry uri https://registry.npmjs.org/minimist
518 verbose addNameVersion registry:https://registry.npmjs.org/minimist not in flight; fetching
519 verbose get https://registry.npmjs.org/minimist not expired, no request
520 silly cache afterAdd minimist@0.0.8
521 verbose afterAdd /Users/thomasfetiveau/.npm/minimist/0.0.8/package/package.json not in flight; writing
522 verbose afterAdd /Users/thomasfetiveau/.npm/minimist/0.0.8/package/package.json written
523 silly fetchNamedPackageData qs
524 silly mapToRegistry name qs
525 silly mapToRegistry using default registry
526 silly mapToRegistry registry https://registry.npmjs.org/
527 silly mapToRegistry uri https://registry.npmjs.org/qs
528 verbose get https://registry.npmjs.org/qs not expired, no request
529 silly resolveWithNewModule qs@2.3.3 checking installable status
530 silly cache add args [ 'qs@~2.3.3', null ]
531 verbose cache add spec qs@~2.3.3
532 silly cache add parsed spec { raw: 'qs@~2.3.3',
532 silly cache add   scope: null,
532 silly cache add   name: 'qs',
532 silly cache add   rawSpec: '~2.3.3',
532 silly cache add   spec: '>=2.3.3 <2.4.0',
532 silly cache add   type: 'range' }
533 silly addNamed qs@>=2.3.3 <2.4.0
534 verbose addNamed ">=2.3.3 <2.4.0" is a valid semver range for qs
535 silly addNameRange { name: 'qs', range: '>=2.3.3 <2.4.0', hasData: false }
536 silly mapToRegistry name qs
537 silly mapToRegistry using default registry
538 silly mapToRegistry registry https://registry.npmjs.org/
539 silly mapToRegistry uri https://registry.npmjs.org/qs
540 verbose addNameRange registry:https://registry.npmjs.org/qs not in flight; fetching
541 verbose get https://registry.npmjs.org/qs not expired, no request
542 silly addNameRange number 2 { name: 'qs', range: '>=2.3.3 <2.4.0', hasData: true }
543 silly addNameRange versions [ 'qs',
543 silly addNameRange   [ '0.0.1',
543 silly addNameRange     '0.0.2',
543 silly addNameRange     '0.0.3',
543 silly addNameRange     '0.0.4',
543 silly addNameRange     '0.0.5',
543 silly addNameRange     '0.0.6',
543 silly addNameRange     '0.0.7',
543 silly addNameRange     '0.1.0',
543 silly addNameRange     '0.2.0',
543 silly addNameRange     '0.3.0',
543 silly addNameRange     '0.3.1',
543 silly addNameRange     '0.3.2',
543 silly addNameRange     '0.4.0',
543 silly addNameRange     '0.4.1',
543 silly addNameRange     '0.4.2',
543 silly addNameRange     '0.5.0',
543 silly addNameRange     '0.5.1',
543 silly addNameRange     '0.5.2',
543 silly addNameRange     '0.5.3',
543 silly addNameRange     '0.5.4',
543 silly addNameRange     '0.5.5',
543 silly addNameRange     '0.5.6',
543 silly addNameRange     '0.6.0',
543 silly addNameRange     '0.6.1',
543 silly addNameRange     '0.6.2',
543 silly addNameRange     '0.6.3',
543 silly addNameRange     '0.6.4',
543 silly addNameRange     '0.6.5',
543 silly addNameRange     '0.6.6',
543 silly addNameRange     '1.0.0',
543 silly addNameRange     '1.0.1',
543 silly addNameRange     '1.0.2',
543 silly addNameRange     '1.1.0',
543 silly addNameRange     '1.2.0',
543 silly addNameRange     '1.2.1',
543 silly addNameRange     '1.2.2',
543 silly addNameRange     '2.0.0',
543 silly addNameRange     '2.1.0',
543 silly addNameRange     '2.2.0',
543 silly addNameRange     '2.2.1',
543 silly addNameRange     '2.2.2',
543 silly addNameRange     '2.2.3',
543 silly addNameRange     '2.2.4',
543 silly addNameRange     '2.2.5',
543 silly addNameRange     '2.3.0',
543 silly addNameRange     '2.3.1',
543 silly addNameRange     '2.3.2',
543 silly addNameRange     '2.3.3',
543 silly addNameRange     '2.4.0',
543 silly addNameRange     '2.4.1',
543 silly addNameRange     '2.4.2',
543 silly addNameRange     '3.0.0',
543 silly addNameRange     '3.1.0',
543 silly addNameRange     '4.0.0',
543 silly addNameRange     '5.0.0',
543 silly addNameRange     '5.1.0',
543 silly addNameRange     '5.2.0',
543 silly addNameRange     '6.0.0',
543 silly addNameRange     '6.0.1',
543 silly addNameRange     '6.0.2',
543 silly addNameRange     '6.1.0',
543 silly addNameRange     '6.2.0',
543 silly addNameRange     '5.2.1',
543 silly addNameRange     '6.2.1' ] ]
544 silly addNamed qs@2.3.3
545 verbose addNamed "2.3.3" is a plain semver version for qs
546 silly cache afterAdd qs@2.3.3
547 verbose afterAdd /Users/thomasfetiveau/.npm/qs/2.3.3/package/package.json not in flight; writing
548 verbose afterAdd /Users/thomasfetiveau/.npm/qs/2.3.3/package/package.json written
549 silly loadAllDepsIntoIdealTree Finishing
550 silly idealTree:prePrune lib
550 silly idealTree:prePrune  http-server@0.9.0
550 silly idealTree:prePrune    async@0.9.0
550 silly idealTree:prePrune    colors@1.0.3
550 silly idealTree:prePrune    corser@2.0.1
550 silly idealTree:prePrune    ecstatic@1.4.1
550 silly idealTree:prePrune    eventemitter3@1.2.0
550 silly idealTree:prePrune    he@0.5.0
550 silly idealTree:prePrune    http-proxy@1.15.1
550 silly idealTree:prePrune    mime@1.3.4
550 silly idealTree:prePrune    minimist@1.2.0
550 silly idealTree:prePrune    mkdirp@0.5.1
550 silly idealTree:prePrune     minimist@0.0.8
550 silly idealTree:prePrune    opener@1.4.2
550 silly idealTree:prePrune    optimist@0.6.1
550 silly idealTree:prePrune     minimist@0.0.10
550 silly idealTree:prePrune    portfinder@0.4.0
550 silly idealTree:prePrune    qs@2.3.3
550 silly idealTree:prePrune    requires-port@1.0.0
550 silly idealTree:prePrune    union@0.4.4
550 silly idealTree:prePrune    url-join@1.1.0
550 silly idealTree:prePrune    wordwrap@0.0.3
551 silly loadIdealTree Finishing
552 silly currentTree lib
552 silly currentTree  http-server@0.9.0
552 silly currentTree    async@0.9.0
552 silly currentTree    colors@1.0.3
552 silly currentTree    corser@2.0.1
552 silly currentTree    ecstatic@1.4.1
552 silly currentTree    eventemitter3@1.2.0
552 silly currentTree    he@0.5.0
552 silly currentTree    http-proxy@1.15.1
552 silly currentTree    mime@1.3.4
552 silly currentTree    minimist@1.2.0
552 silly currentTree    mkdirp@0.5.1
552 silly currentTree     minimist@0.0.8
552 silly currentTree    opener@1.4.2
552 silly currentTree    optimist@0.6.1
552 silly currentTree     minimist@0.0.10
552 silly currentTree    portfinder@0.4.0
552 silly currentTree    qs@2.3.3
552 silly currentTree    requires-port@1.0.0
552 silly currentTree    union@0.4.4
552 silly currentTree    url-join@1.1.0
552 silly currentTree    wordwrap@0.0.3
553 silly idealTree lib
553 silly idealTree  http-server@0.9.0
553 silly idealTree    async@0.9.0
553 silly idealTree    colors@1.0.3
553 silly idealTree    corser@2.0.1
553 silly idealTree    ecstatic@1.4.1
553 silly idealTree    eventemitter3@1.2.0
553 silly idealTree    he@0.5.0
553 silly idealTree    http-proxy@1.15.1
553 silly idealTree    mime@1.3.4
553 silly idealTree    minimist@1.2.0
553 silly idealTree    mkdirp@0.5.1
553 silly idealTree     minimist@0.0.8
553 silly idealTree    opener@1.4.2
553 silly idealTree    optimist@0.6.1
553 silly idealTree     minimist@0.0.10
553 silly idealTree    portfinder@0.4.0
553 silly idealTree    qs@2.3.3
553 silly idealTree    requires-port@1.0.0
553 silly idealTree    union@0.4.4
553 silly idealTree    url-join@1.1.0
553 silly idealTree    wordwrap@0.0.3
554 silly generateActionsToTake Starting
555 silly install generateActionsToTake
556 warn checkPermissions Missing write access to /usr/local/lib/node_modules/http-server
557 warn checkPermissions Missing write access to /usr/local/lib/node_modules
558 silly rollbackFailedOptional Starting
559 silly rollbackFailedOptional Finishing
560 silly runTopLevelLifecycles Starting
561 silly runTopLevelLifecycles Finishing
562 silly install printInstalled
563 verbose stack Error: EACCES, access '/usr/local/lib/node_modules/http-server'
563 verbose stack     at Error (native)
564 verbose cwd /Users/thomasfetiveau/wksp_formations/React JS/03-redux
565 error Darwin 15.6.0
566 error argv "node" "/usr/local/bin/npm" "install" "http-server" "-g"
567 error node v0.12.2
568 error npm  v3.3.9
569 error path /usr/local/lib/node_modules/http-server
570 error code EACCES
571 error errno -13
572 error Error: EACCES, access '/usr/local/lib/node_modules/http-server'
572 error     at Error (native)
572 error  { [Error: EACCES, access '/usr/local/lib/node_modules/http-server']
572 error   errno: -13,
572 error   code: 'EACCES',
572 error   path: '/usr/local/lib/node_modules/http-server' }
573 error Please try running this command again as root/Administrator.
574 verbose exit [ -13, true ]
